<?xml version="1.0" encoding="UTF-8"?>
<!-- Generated by org.testng.reporters.JUnitReportReporter -->
<testsuite hostname="keystrat-PC" name="testng.FirstTest" tests="1" failures="0" timestamp="14 Jul 2016 17:18:35 GMT" time="0.002" errors="0">
  <testcase name="a" time="0.002" classname="testng.FirstTest"/>
</testsuite> <!-- testng.FirstTest -->
