<?xml version="1.0" encoding="UTF-8"?>
<!-- Generated by org.testng.reporters.JUnitReportReporter -->
<testsuite hostname="keystrat-PC" name="testng.SecondTest" tests="1" failures="0" timestamp="14 Jul 2016 17:18:35 GMT" time="0.000" errors="0">
  <testcase name="f" time="0.000" classname="testng.SecondTest"/>
</testsuite> <!-- testng.SecondTest -->
