<?xml version="1.0" encoding="UTF-8"?>
<!-- Generated by org.testng.reporters.JUnitReportReporter -->
<testsuite hostname="Lenovo" name="testng.DataProviderTest" tests="8" failures="0" timestamp="13 Jul 2016 18:56:18 GMT" time="0.002" errors="0">
  <testcase name="insertEmployee" time="0.000" classname="testng.DataProviderTest"/>
  <testcase name="insertEmployee" time="0.000" classname="testng.DataProviderTest"/>
  <testcase name="insertEmployeeData" time="0.001" classname="testng.DataProviderTest"/>
  <testcase name="insertEmployeeData" time="0.000" classname="testng.DataProviderTest"/>
  <testcase name="insertEmployeeData" time="0.000" classname="testng.DataProviderTest"/>
  <testcase name="insertEmployee" time="0.001" classname="testng.DataProviderTest"/>
  <testcase name="insertEmployee" time="0.000" classname="testng.DataProviderTest"/>
  <testcase name="insertEmployee" time="0.000" classname="testng.DataProviderTest"/>
</testsuite> <!-- testng.DataProviderTest -->
