<?xml version="1.0" encoding="UTF-8"?>
<!-- Generated by org.testng.reporters.JUnitReportReporter -->
<testsuite hostname="Lenovo" name="testng.SecondTest" tests="2" failures="0" timestamp="13 Jul 2016 18:56:18 GMT" time="0.004" errors="0">
  <testcase name="f" time="0.003" classname="testng.SecondTest"/>
  <testcase name="f" time="0.001" classname="testng.SecondTest"/>
</testsuite> <!-- testng.SecondTest -->
