<?xml version="1.0" encoding="UTF-8"?>
<!-- Generated by org.testng.reporters.JUnitReportReporter -->
<testsuite hostname="Lenovo" name="testng.FirstTest" tests="1" failures="0" timestamp="13 Jul 2016 19:15:51 GMT" time="0.005" errors="0">
  <testcase name="a" time="0.005" classname="testng.FirstTest"/>
</testsuite> <!-- testng.FirstTest -->
