<?xml version="1.0" encoding="UTF-8"?>
<!-- Generated by org.testng.reporters.JUnitReportReporter -->
<testsuite hostname="Lenovo" name="testng.GroupsCheck" tests="9" failures="0" timestamp="13 Jul 2016 19:07:58 GMT" time="0.003" errors="0">
  <testcase name="altok10" time="0.001" classname="testng.GroupsCheck"/>
  <testcase name="bmwx5" time="0.000" classname="testng.GroupsCheck"/>
  <testcase name="hondacity" time="0.000" classname="testng.GroupsCheck"/>
  <testcase name="audiq5" time="0.000" classname="testng.GroupsCheck"/>
  <testcase name="hyundaii10" time="0.000" classname="testng.GroupsCheck"/>
  <testcase name="bmwx3" time="0.001" classname="testng.GroupsCheck"/>
  <testcase name="audia4" time="0.000" classname="testng.GroupsCheck"/>
  <testcase name="audiq7" time="0.000" classname="testng.GroupsCheck"/>
  <testcase name="audia8" time="0.001" classname="testng.GroupsCheck"/>
</testsuite> <!-- testng.GroupsCheck -->
