<?xml version="1.0" encoding="UTF-8"?>
<!-- Generated by org.testng.reporters.JUnitReportReporter -->
<testsuite hostname="Lenovo" name="testng.TestNGParameters" tests="2" failures="0" timestamp="13 Jul 2016 19:11:52 GMT" time="0.012" errors="0">
  <testcase name="insertEmployee" time="0.011" classname="testng.TestNGParameters"/>
  <testcase name="insertEmployee" time="0.001" classname="testng.TestNGParameters"/>
</testsuite> <!-- testng.TestNGParameters -->
