<?xml version="1.0" encoding="UTF-8"?>
<!-- Generated by org.testng.reporters.JUnitReportReporter -->
<testsuite hostname="Lenovo" name="testng.SecondTest" tests="1" failures="0" timestamp="13 Jul 2016 19:15:51 GMT" time="0.002" errors="0">
  <testcase name="f" time="0.002" classname="testng.SecondTest"/>
</testsuite> <!-- testng.SecondTest -->
